<?xml version="1.0" encoding="UTF-8"?>
<!-- Generated by org.testng.reporters.JUnitXMLReporter -->
<testsuite ignored="1" hostname="DESKTOP-MTQFVB3" failures="0" tests="4" name="Default test" time="0.951" errors="0" timestamp="2025-04-05T10:29:46 IST">
  <testcase classname="basicTestNG.BasicAnnotation" name="testCase01" time="0.119"/>
  <testcase classname="basicTestNG.BasicAnnotation" name="testCase04" time="0.149"/>
  <testcase classname="basicTestNG.BasicAnnotation" name="testCase05" time="0.013"/>
  <testcase classname="basicTestNG.BasicAnnotation" name="testCase02" time="0.005"/>
  <testcase classname="basicTestNG.BasicAnnotation" name="testCase03" time="0.0">
    <ignored/>
  </testcase> <!-- testCase03 -->
</testsuite> <!-- Default test -->
