<?xml version="1.0" encoding="UTF-8"?>
<!-- Generated by org.testng.reporters.JUnitXMLReporter -->
<testsuite ignored="3" hostname="DESKTOP-MTQFVB3" failures="0" tests="2" name="first test" time="0.215" errors="0" timestamp="2025-04-06T20:59:32 IST">
  <testcase classname="basicTestNG.GroupTest" name="testCase22" time="0.033"/>
  <testcase classname="basicTestNG.GroupTest" name="testCase21" time="0.005"/>
  <testcase classname="basicTestNG.GroupTest" name="testCase24" time="0.0">
    <ignored/>
  </testcase> <!-- testCase24 -->
  <testcase classname="basicTestNG.GroupTest" name="testCase20" time="0.0">
    <ignored/>
  </testcase> <!-- testCase20 -->
  <testcase classname="basicTestNG.GroupTest" name="testCase23" time="0.0">
    <ignored/>
  </testcase> <!-- testCase23 -->
</testsuite> <!-- first test -->
