<?xml version="1.0" encoding="UTF-8"?>
<!-- Generated by org.testng.reporters.JUnitXMLReporter -->
<testsuite ignored="0" hostname="DESKTOP-MTQFVB3" failures="0" tests="8" name="second test" time="0.151" errors="0" timestamp="2025-04-04T08:03:54 IST">
  <testcase classname="basicTestNG.DataProviderTest" name="testCase01" time="0.019"/>
  <testcase classname="basicTestNG.DataProviderTest" name="testCase01" time="0.003"/>
  <testcase classname="basicTestNG.DataProviderTest" name="testCase01" time="0.006"/>
  <testcase classname="basicTestNG.DataProviderTest" name="testCase01" time="0.006"/>
  <testcase classname="basicTestNG.DataProviderTest" name="testCase02" time="0.013"/>
  <testcase classname="basicTestNG.DataProviderTest" name="testCase02" time="0.007"/>
  <testcase classname="basicTestNG.DataProviderTest" name="testCase02" time="0.004"/>
  <testcase classname="basicTestNG.DataProviderTest" name="testCase02" time="0.004"/>
</testsuite> <!-- second test -->
